<?xml version="1.0" encoding="UTF-8" ?>
<testsuite tests="25" failures="1" name="TestSuite" time="4.784" errors="0" skipped="3">
  <properties>
    <property name="java.runtime.name" value="Java(TM) SE Runtime Environment"/>
    <property name="sun.boot.library.path" value="/usr/lib/jvm/java-8-oracle/jre/lib/amd64"/>
    <property name="java.vm.version" value="25.72-b15"/>
    <property name="java.vm.vendor" value="Oracle Corporation"/>
    <property name="java.vendor.url" value="http://java.oracle.com/"/>
    <property name="path.separator" value=":"/>
    <property name="guice.disable.misplaced.annotation.check" value="true"/>
    <property name="java.vm.name" value="Java HotSpot(TM) 64-Bit Server VM"/>
    <property name="file.encoding.pkg" value="sun.io"/>
    <property name="user.country" value="US"/>
    <property name="sun.java.launcher" value="SUN_STANDARD"/>
    <property name="sun.os.patch.level" value="unknown"/>
    <property name="java.vm.specification.name" value="Java Virtual Machine Specification"/>
    <property name="user.dir" value="/home/mohannad/workspace/integration/MediaStore"/>
    <property name="java.runtime.version" value="1.8.0_72-b15"/>
    <property name="java.awt.graphicsenv" value="sun.awt.X11GraphicsEnvironment"/>
    <property name="java.endorsed.dirs" value="/usr/lib/jvm/java-8-oracle/jre/lib/endorsed"/>
    <property name="os.arch" value="amd64"/>
    <property name="java.io.tmpdir" value="/tmp"/>
    <property name="line.separator" value="
"/>
    <property name="java.vm.specification.vendor" value="Oracle Corporation"/>
    <property name="os.name" value="Linux"/>
    <property name="classworlds.conf" value="/usr/share/maven/bin/m2.conf"/>
    <property name="sun.jnu.encoding" value="UTF-8"/>
    <property name="java.library.path" value=":/home/mohannad/Desktop/gurobi605/linux64/lib:/usr/java/packages/lib/amd64:/usr/lib64:/lib64:/lib:/usr/lib"/>
    <property name="java.specification.name" value="Java Platform API Specification"/>
    <property name="java.class.version" value="52.0"/>
    <property name="sun.management.compiler" value="HotSpot 64-Bit Tiered Compilers"/>
    <property name="os.version" value="3.13.0-74-generic"/>
    <property name="user.home" value="/home/mohannad"/>
    <property name="user.timezone" value="Europe/Paris"/>
    <property name="java.awt.printerjob" value="sun.print.PSPrinterJob"/>
    <property name="file.encoding" value="UTF-8"/>
    <property name="java.specification.version" value="1.8"/>
    <property name="user.name" value="mohannad"/>
    <property name="java.class.path" value="/usr/share/maven/boot/plexus-classworlds-2.x.jar"/>
    <property name="java.vm.specification.version" value="1.8"/>
    <property name="sun.arch.data.model" value="64"/>
    <property name="java.home" value="/usr/lib/jvm/java-8-oracle/jre"/>
    <property name="sun.java.command" value="org.codehaus.plexus.classworlds.launcher.Launcher clean install"/>
    <property name="java.specification.vendor" value="Oracle Corporation"/>
    <property name="user.language" value="en"/>
    <property name="awt.toolkit" value="sun.awt.X11.XToolkit"/>
    <property name="java.vm.info" value="mixed mode"/>
    <property name="java.version" value="1.8.0_72"/>
    <property name="java.ext.dirs" value="/usr/lib/jvm/java-8-oracle/jre/lib/ext:/usr/java/packages/lib/ext"/>
    <property name="securerandom.source" value="file:/dev/./urandom"/>
    <property name="sun.boot.class.path" value="/usr/lib/jvm/java-8-oracle/jre/lib/resources.jar:/usr/lib/jvm/java-8-oracle/jre/lib/rt.jar:/usr/lib/jvm/java-8-oracle/jre/lib/sunrsasign.jar:/usr/lib/jvm/java-8-oracle/jre/lib/jsse.jar:/usr/lib/jvm/java-8-oracle/jre/lib/jce.jar:/usr/lib/jvm/java-8-oracle/jre/lib/charsets.jar:/usr/lib/jvm/java-8-oracle/jre/lib/jfr.jar:/usr/lib/jvm/java-8-oracle/jre/classes"/>
    <property name="java.vendor" value="Oracle Corporation"/>
    <property name="maven.home" value="/usr/share/maven"/>
    <property name="file.separator" value="/"/>
    <property name="java.vendor.url.bug" value="http://bugreport.sun.com/bugreport/"/>
    <property name="sun.cpu.endian" value="little"/>
    <property name="sun.io.unicode.encoding" value="UnicodeLittle"/>
    <property name="sun.desktop" value="gnome"/>
    <property name="sun.cpu.isalist" value=""/>
  </properties>
  <testcase classname="fr.thumbnailsdb.CandidatePriorityQueueTest" name="testAdd" time="0.004"/>
  <testcase classname="fr.thumbnailsdb.CandidatePriorityQueueTest" name="testPeek" time="0"/>
  <testcase classname="fr.thumbnailsdb.DBManagerTest" name="testDBConnection" time="0"/>
  <testcase classname="fr.thumbnailsdb.DBManagerTest" name="testAddIndexedPath" time="0.004"/>
  <testcase classname="fr.thumbnailsdb.DBManagerTest" name="testSaveToDB" time="0.248"/>
  <testcase classname="fr.thumbnailsdb.DBManagerTest" name="testDeleteIndexedPath" time="0.001"/>
  <testcase classname="fr.thumbnailsdb.DiskWatcherTest" name="createTempDir" time="0.008">
    <failure type="java.lang.NullPointerException">java.lang.NullPointerException
	at fr.thumbnailsdb.DiskWatcherTest.createTempDir(DiskWatcherTest.java:41)
</failure>
  </testcase>
  <testcase classname="fr.thumbnailsdb.DiskWatcherTest" name="testCreateFile" time="0">
    <skipped/>
  </testcase>
  <testcase classname="fr.thumbnailsdb.DiskWatcherTest" name="testDeleteFile" time="0">
    <skipped/>
  </testcase>
  <testcase classname="fr.thumbnailsdb.DiskWatcherTest" name="deleteDir" time="0">
    <skipped/>
  </testcase>
  <testcase classname="fr.thumbnailsdb.PersistentLSHTest" name="testExists" time="0"/>
  <testcase classname="fr.thumbnailsdb.PersistentLSHTest" name="testAdd" time="0.255"/>
  <testcase classname="fr.thumbnailsdb.PersistentLSHTest" name="testLookupCandidates" time="0.004"/>
  <testcase classname="fr.thumbnailsdb.PersistentLSHTest" name="testClear" time="0.094"/>
  <testcase classname="fr.thumbnailsdb.PreloadedDescriptorsTest" name="testPreLoadedDescriptorExists" time="0"/>
  <testcase classname="fr.thumbnailsdb.PreloadedDescriptorsTest" name="testPreloadingOfDescriptors" time="0.632"/>
  <testcase classname="fr.thumbnailsdb.PreloadedDescriptorsTest" name="testPreloadedDescriptorFlush" time="0"/>
  <testcase classname="fr.thumbnailsdb.PreloadedDescriptorsTest" name="testRemovingDescriptor" time="0.016"/>
  <testcase classname="fr.thumbnailsdb.CandidateTest" name="candidateEqualityTest" time="0.001"/>
  <testcase classname="fr.thumbnailsdb.FixedBitSetTest" name="testHashFormate" time="0.001"/>
  <testcase classname="fr.thumbnailsdb.FixedBitSetTest" name="testHashToBitSitConversion" time="0"/>
  <testcase classname="fr.thumbnailsdb.KbitLSHTest" name="testHash" time="0"/>
  <testcase classname="fr.thumbnailsdb.MediaIndexerTest" name="testIndexing" time="0.306"/>
  <testcase classname="fr.thumbnailsdb.SimilarImageFinderTest" name="testIdenticalImage" time="0.381"/>
  <testcase classname="fr.thumbnailsdb.SimilarImageFinderTest" name="testSimilarImage" time="0.615"/>
</testsuite>