<?xml version="1.0" encoding="UTF-8"?>
<!-- Generated by org.testng.reporters.JUnitReportReporter -->
<testsuite hostname="mohannad-pc" name="fr.thumbnailsdb.FixedBitSetTest" tests="2" failures="0" timestamp="29 Feb 2016 09:01:11 GMT" time="0.002" errors="0">
  <testcase name="testHashFormate" time="0.001" classname="fr.thumbnailsdb.FixedBitSetTest"/>
  <testcase name="testHashToBitSitConversion" time="0.001" classname="fr.thumbnailsdb.FixedBitSetTest"/>
</testsuite>
