<?xml version="1.0" encoding="UTF-8"?>
<!-- Generated by org.testng.reporters.JUnitReportReporter -->
<testsuite hostname="mohannad-pc" name="fr.thumbnailsdb.DBManagerTest" tests="4" failures="0" timestamp="29 Feb 2016 09:01:11 GMT" time="0.268" errors="0">
  <testcase name="testDeleteIndexedPath" time="0.001" classname="fr.thumbnailsdb.DBManagerTest"/>
  <testcase name="testDBConnection" time="0.001" classname="fr.thumbnailsdb.DBManagerTest"/>
  <testcase name="testAddIndexedPath" time="0.005" classname="fr.thumbnailsdb.DBManagerTest"/>
  <testcase name="testSaveToDB" time="0.261" classname="fr.thumbnailsdb.DBManagerTest"/>
</testsuite>
