<?xml version="1.0" encoding="UTF-8"?>
<!-- Generated by org.testng.reporters.JUnitReportReporter -->
<testsuite hostname="mohannad-pc" name="fr.thumbnailsdb.PersistentLSHTest" tests="4" failures="0" timestamp="20 Feb 2016 16:24:30 GMT" time="0.353" errors="0">
  <testcase name="testLookupCandidates" time="0.004" classname="fr.thumbnailsdb.PersistentLSHTest"/>
  <testcase name="testClear" time="0.094" classname="fr.thumbnailsdb.PersistentLSHTest"/>
  <testcase name="testAdd" time="0.255" classname="fr.thumbnailsdb.PersistentLSHTest"/>
  <testcase name="testExists" time="0.000" classname="fr.thumbnailsdb.PersistentLSHTest"/>
</testsuite>
