<?xml version="1.0" encoding="UTF-8"?>
<!-- Generated by org.testng.reporters.JUnitReportReporter -->
<testsuite hostname="mohannad-pc" name="fr.thumbnailsdb.KbitLSHTest" tests="1" failures="0" timestamp="20 Feb 2016 16:24:30 GMT" time="0.000" errors="0">
  <testcase name="testHash" time="0.000" classname="fr.thumbnailsdb.KbitLSHTest"/>
</testsuite>
