<?xml version="1.0" encoding="UTF-8"?>
<!-- Generated by org.testng.reporters.JUnitReportReporter -->
<testsuite hostname="mohannad-pc" name="fr.thumbnailsdb.PersistentLSHTest" tests="4" failures="0" timestamp="29 Feb 2016 09:01:11 GMT" time="0.352" errors="0">
  <testcase name="testExists" time="0.001" classname="fr.thumbnailsdb.PersistentLSHTest"/>
  <testcase name="testLookupCandidates" time="0.017" classname="fr.thumbnailsdb.PersistentLSHTest"/>
  <testcase name="testClear" time="0.098" classname="fr.thumbnailsdb.PersistentLSHTest"/>
  <testcase name="testAdd" time="0.236" classname="fr.thumbnailsdb.PersistentLSHTest"/>
</testsuite>
