<?xml version="1.0" encoding="UTF-8"?>
<!-- Generated by org.testng.reporters.JUnitReportReporter -->
<testsuite hostname="mohannad-pc" name="fr.thumbnailsdb.MediaIndexerTest" tests="1" failures="0" timestamp="29 Feb 2016 09:01:11 GMT" time="0.324" errors="0">
  <testcase name="testIndexing" time="0.324" classname="fr.thumbnailsdb.MediaIndexerTest"/>
</testsuite>
