<?xml version="1.0" encoding="UTF-8"?>
<!-- Generated by org.testng.reporters.JUnitReportReporter -->
<testsuite hostname="bt" name="fr.thumbnailsdb.ThumbStoreTest" tests="3" failures="0" timestamp="30 Nov 2015 12:41:57 GMT" time="1,934" errors="0">
  <testcase name="testIndexing" time="0,740" classname="fr.thumbnailsdb.ThumbStoreTest"/>
  <testcase name="testSimilarImage" time="0,669" classname="fr.thumbnailsdb.ThumbStoreTest"/>
  <testcase name="testIdenticalImage" time="0,525" classname="fr.thumbnailsdb.ThumbStoreTest"/>
</testsuite>
