<?xml version="1.0" encoding="UTF-8"?>
<!-- Generated by org.testng.reporters.JUnitReportReporter -->
<testsuite hostname="mohannad-pc" name="fr.thumbnailsdb.PreloadedDescriptorsTest" tests="4" failures="0" timestamp="29 Feb 2016 09:01:11 GMT" time="0.923" errors="0">
  <testcase name="testPreloadingOfDescriptors" time="0.893" classname="fr.thumbnailsdb.PreloadedDescriptorsTest"/>
  <testcase name="testPreLoadedDescriptorExists" time="0.001" classname="fr.thumbnailsdb.PreloadedDescriptorsTest"/>
  <testcase name="testRemovingDescriptor" time="0.029" classname="fr.thumbnailsdb.PreloadedDescriptorsTest"/>
  <testcase name="testPreloadedDescriptorFlush" time="0.000" classname="fr.thumbnailsdb.PreloadedDescriptorsTest"/>
</testsuite>
