<?xml version="1.0" encoding="UTF-8"?>
<!-- Generated by org.testng.reporters.JUnitReportReporter -->
<testsuite hostname="mohannad-pc" name="fr.thumbnailsdb.FixedBitSetTest" tests="2" failures="0" timestamp="20 Feb 2016 16:59:55 GMT" time="0.000" errors="0">
  <testcase name="testHashToBitSitConversion" time="0.000" classname="fr.thumbnailsdb.FixedBitSetTest"/>
  <testcase name="testHashFormate" time="0.000" classname="fr.thumbnailsdb.FixedBitSetTest"/>
</testsuite>
