<?xml version="1.0" encoding="UTF-8"?>
<!-- Generated by org.testng.reporters.JUnitReportReporter -->
<testsuite hostname="mohannad-pc" name="fr.thumbnailsdb.CandidatePriorityQueueTest" tests="2" failures="0" timestamp="29 Feb 2016 09:01:11 GMT" time="0.006" errors="0">
  <testcase name="testAdd" time="0.005" classname="fr.thumbnailsdb.CandidatePriorityQueueTest"/>
  <testcase name="testPeek" time="0.001" classname="fr.thumbnailsdb.CandidatePriorityQueueTest"/>
</testsuite>
