<?xml version="1.0" encoding="UTF-8"?>
<!-- Generated by org.testng.reporters.JUnitReportReporter -->
<testsuite hostname="mohannad-pc" name="fr.thumbnailsdb.SimilarImageFinderTest" tests="2" failures="0" timestamp="20 Feb 2016 16:24:30 GMT" time="0.994" errors="0">
  <testcase name="testSimilarImage" time="0.614" classname="fr.thumbnailsdb.SimilarImageFinderTest"/>
  <testcase name="testIdenticalImage" time="0.380" classname="fr.thumbnailsdb.SimilarImageFinderTest"/>
</testsuite>
