<?xml version="1.0" encoding="UTF-8"?>
<!-- Generated by org.testng.reporters.JUnitReportReporter -->
<testsuite hostname="mohannad-pc" name="fr.thumbnailsdb.CandidateTest" tests="1" failures="0" timestamp="20 Feb 2016 16:59:55 GMT" time="0.001" errors="0">
  <testcase name="candidateEqualityTest" time="0.001" classname="fr.thumbnailsdb.CandidateTest"/>
</testsuite>
