<?xml version="1.0" encoding="UTF-8"?>
<!-- Generated by org.testng.reporters.JUnitReportReporter -->
<testsuite hostname="mohannad-pc" name="fr.thumbnailsdb.PreloadedDescriptorsTest" tests="4" failures="0" timestamp="20 Feb 2016 16:59:55 GMT" time="0.663" errors="0">
  <testcase name="testPreLoadedDescriptorExists" time="0.000" classname="fr.thumbnailsdb.PreloadedDescriptorsTest"/>
  <testcase name="testPreloadingOfDescriptors" time="0.647" classname="fr.thumbnailsdb.PreloadedDescriptorsTest"/>
  <testcase name="testPreloadedDescriptorFlush" time="0.001" classname="fr.thumbnailsdb.PreloadedDescriptorsTest"/>
  <testcase name="testRemovingDescriptor" time="0.015" classname="fr.thumbnailsdb.PreloadedDescriptorsTest"/>
</testsuite>
