<?xml version="1.0" encoding="UTF-8"?>
<!-- Generated by org.testng.reporters.JUnitReportReporter -->
<testsuite hostname="mohannad-pc" name="fr.thumbnailsdb.SimilarImageFinderTest" tests="2" failures="0" timestamp="29 Feb 2016 09:01:11 GMT" time="0.947" errors="0">
  <testcase name="testSimilarImage" time="0.552" classname="fr.thumbnailsdb.SimilarImageFinderTest"/>
  <testcase name="testIdenticalImage" time="0.395" classname="fr.thumbnailsdb.SimilarImageFinderTest"/>
</testsuite>
