<?xml version="1.0" encoding="UTF-8"?>
<!-- Generated by org.testng.reporters.JUnitReportReporter -->
<testsuite hostname="mohannad-pc" name="fr.thumbnailsdb.DiskWatcherTest" tests="2" failures="0" timestamp="29 Feb 2016 09:01:11 GMT" time="4.011" errors="0">
  <testcase name="testCreateFile" time="2.010" classname="fr.thumbnailsdb.DiskWatcherTest"/>
  <testcase name="testDeleteFile" time="2.001" classname="fr.thumbnailsdb.DiskWatcherTest"/>
</testsuite>
