<?xml version="1.0" encoding="UTF-8"?>
<!-- Generated by org.testng.reporters.JUnitReportReporter -->
<testsuite hostname="mohannad-pc" name="fr.thumbnailsdb.MediaIndexerTest" tests="1" failures="0" timestamp="20 Feb 2016 16:24:30 GMT" time="0.306" errors="0">
  <testcase name="testIndexing" time="0.306" classname="fr.thumbnailsdb.MediaIndexerTest"/>
</testsuite>
