<?xml version="1.0" encoding="UTF-8"?>
<!-- Generated by org.testng.reporters.JUnitReportReporter -->
<testsuite hostname="mohannad-pc" name="fr.thumbnailsdb.SimilarImageFinderTest" tests="2" failures="0" timestamp="20 Feb 2016 16:59:55 GMT" time="0.960" errors="0">
  <testcase name="testSimilarImage" time="0.576" classname="fr.thumbnailsdb.SimilarImageFinderTest"/>
  <testcase name="testIdenticalImage" time="0.384" classname="fr.thumbnailsdb.SimilarImageFinderTest"/>
</testsuite>
