<?xml version="1.0" encoding="UTF-8"?>
<!-- Generated by org.testng.reporters.JUnitReportReporter -->
<testsuite hostname="mohannad-pc" name="fr.thumbnailsdb.DiskWatcherTest" tests="2" failures="0" timestamp="20 Feb 2016 16:59:55 GMT" time="4.005" errors="0">
  <testcase name="testCreateFile" time="2.004" classname="fr.thumbnailsdb.DiskWatcherTest"/>
  <testcase name="testDeleteFile" time="2.001" classname="fr.thumbnailsdb.DiskWatcherTest"/>
</testsuite>
